  main.cpp
C:\kagami\programs\ReprojectionPointCalculator\ReprojectionPointCalculator\main.cpp(50,70): warning C4244: '引数': 'double' から '_Tp' への変換です。データが失われる可能性があります。
          with
          [
              _Tp=float
          ]
C:\kagami\programs\ReprojectionPointCalculator\ReprojectionPointCalculator\main.cpp(50,51): warning C4244: '引数': 'double' から '_Tp' への変換です。データが失われる可能性があります。
          with
          [
              _Tp=float
          ]
C:\kagami\programs\ReprojectionPointCalculator\ReprojectionPointCalculator\main.cpp(51,70): warning C4244: '引数': 'double' から '_Tp' への変換です。データが失われる可能性があります。
          with
          [
              _Tp=float
          ]
C:\kagami\programs\ReprojectionPointCalculator\ReprojectionPointCalculator\main.cpp(51,51): warning C4244: '引数': 'double' から '_Tp' への変換です。データが失われる可能性があります。
          with
          [
              _Tp=float
          ]
C:\kagami\programs\ReprojectionPointCalculator\ReprojectionPointCalculator\main.cpp(64,51): warning C4244: '引数': 'int' から '_Tp' への変換です。データが失われる可能性があります。
          with
          [
              _Tp=float
          ]
C:\kagami\programs\ReprojectionPointCalculator\ReprojectionPointCalculator\main.cpp(64,44): warning C4244: '引数': 'int' から '_Tp' への変換です。データが失われる可能性があります。
          with
          [
              _Tp=float
          ]
C:\kagami\programs\ReprojectionPointCalculator\ReprojectionPointCalculator\main.cpp(123,67): warning C4244: '引数': 'double' から '_Tp' への変換です。データが失われる可能性があります。
          with
          [
              _Tp=float
          ]
C:\kagami\programs\ReprojectionPointCalculator\ReprojectionPointCalculator\main.cpp(123,45): warning C4244: '引数': 'double' から '_Tp' への変換です。データが失われる可能性があります。
          with
          [
              _Tp=float
          ]
  コード生成しています。
  1 of 413 functions ( 0.2%) were compiled, the rest were copied from previous compilation.
    0 functions were new in current compilation
    0 functions had inline decision re-evaluated but remain unchanged
  コード生成が終了しました。
  ReprojectionPointCalculator.vcxproj -> C:\kagami\programs\ReprojectionPointCalculator\x64\Release\ReprojectionPointCalculator.exe
